<?xml version="1.0" encoding="UTF-8"?>
<!-- Generated by org.testng.reporters.JUnitXMLReporter -->
<testsuite ignored="0" hostname="Yasasi-pc" failures="0" tests="2" name="Error Validation Test" time="17.324" errors="0" timestamp="2025-10-20T16:56:29 AEST">
  <testcase classname="yasasiproject.tests.ErrorValidationsTest" name="LoginErrorValidation" time="1.356"/>
  <testcase classname="yasasiproject.tests.ErrorValidationsTest" name="ProductErrorValidation" time="2.877"/>
</testsuite> <!-- Error Validation Test -->
