<?xml version="1.0" encoding="UTF-8"?>
<!-- Generated by org.testng.reporters.JUnitXMLReporter -->
<testsuite ignored="0" hostname="Yasasi-pc" failures="0" tests="3" name="Submit Order Test" time="106.418" errors="0" timestamp="2025-10-20T16:57:58 AEST">
  <testcase classname="yasasiproject.tests.SubmitOrderTest" name="submitOrder" time="5.984"/>
  <testcase classname="yasasiproject.tests.SubmitOrderTest" name="submitOrder" time="5.886"/>
  <testcase classname="yasasiproject.tests.SubmitOrderTest" name="OrderHistoryTest" time="1.718"/>
</testsuite> <!-- Submit Order Test -->
